{"contracts/Greeting.sol":{"l":{"13":1,"17":2},"path":"/Users/fran/Workspace/solidity-boilerplate/contracts/Greeting.sol","s":{"1":2},"b":{},"f":{"1":1,"2":1,"3":2},"fnMap":{"1":{"name":"constructor","line":10,"loc":{"start":{"line":10,"column":4},"end":{"line":10,"column":19}}},"2":{"name":"setMessage","line":12,"loc":{"start":{"line":12,"column":4},"end":{"line":14,"column":4}}},"3":{"name":"getMessage","line":16,"loc":{"start":{"line":16,"column":4},"end":{"line":18,"column":4}}}},"statementMap":{"1":{"start":{"line":17,"column":8},"end":{"line":17,"column":22}}},"branchMap":{}}}